<?xml version="1.0" encoding="UTF-8"?>
<Site BuildName="(empty)"
	BuildStamp="20240821-2158-Experimental"
	Name="asis-Inspiron-3668"
	Generator="ctest-3.22.1"
	CompilerName="/usr/bin/c++"
	CompilerVersion="11.4.0"
	OSName="Linux"
	Hostname="asis-Inspiron-3668"
	OSRelease="6.8.0-40-generic"
	OSVersion="#40~22.04.3-Ubuntu SMP PREEMPT_DYNAMIC Tue Jul 30 17:30:19 UTC 2"
	OSPlatform="x86_64"
	Is64Bits="1"
	VendorString="GenuineIntel"
	VendorID="Intel Corporation"
	FamilyID="6"
	ModelID="158"
	ProcessorCacheSize="8192"
	NumberOfLogicalCPU="8"
	NumberOfPhysicalCPU="4"
	TotalVirtualMemory="2047"
	TotalPhysicalMemory="15880"
	LogicalProcessorsPerPhysical="2"
	ProcessorClockFrequency="3999.98"
	>
	<Testing>
		<StartDateTime>Aug 21 17:52 MDT</StartDateTime>
		<StartTestTime>1724284349</StartTestTime>
		<TestList/>
		<EndDateTime>Aug 21 17:52 MDT</EndDateTime>
		<EndTestTime>1724284349</EndTestTime>
		<ElapsedMinutes>0</ElapsedMinutes>
	</Testing>
</Site>
